[debug] [2017-12-20T01:55:00.064Z] ----------------------------------------------------------------------
[debug] [2017-12-20T01:55:00.067Z] Command:       /usr/local/bin/node /usr/local/bin/firebase init
[debug] [2017-12-20T01:55:00.067Z] CLI Version:   3.13.1
[debug] [2017-12-20T01:55:00.067Z] Platform:      darwin
[debug] [2017-12-20T01:55:00.067Z] Node Version:  v7.6.0
[debug] [2017-12-20T01:55:00.068Z] Time:          Tue Dec 19 2017 19:55:00 GMT-0600 (CST)
[debug] [2017-12-20T01:55:00.068Z] ----------------------------------------------------------------------
[debug] 
[debug] [2017-12-20T01:55:00.080Z] > command requires scopes: ["email","openid","https://www.googleapis.com/auth/cloudplatformprojects.readonly","https://www.googleapis.com/auth/firebase"]
[debug] [2017-12-20T01:55:00.080Z] > authorizing via signed-in user
[info] 
     🔥🔥🔥🔥🔥🔥🔥🔥 🔥🔥🔥🔥 🔥🔥🔥🔥🔥🔥🔥🔥  🔥🔥🔥🔥🔥🔥🔥🔥 🔥🔥🔥🔥🔥🔥🔥🔥     🔥🔥🔥     🔥🔥🔥🔥🔥🔥  🔥🔥🔥🔥🔥🔥🔥🔥
     🔥🔥        🔥🔥  🔥🔥     🔥🔥 🔥🔥       🔥🔥     🔥🔥  🔥🔥   🔥🔥  🔥🔥       🔥🔥
     🔥🔥🔥🔥🔥🔥    🔥🔥  🔥🔥🔥🔥🔥🔥🔥🔥  🔥🔥🔥🔥🔥🔥   🔥🔥🔥🔥🔥🔥🔥🔥  🔥🔥🔥🔥🔥🔥🔥🔥🔥  🔥🔥🔥🔥🔥🔥  🔥🔥🔥🔥🔥🔥
     🔥🔥        🔥🔥  🔥🔥    🔥🔥  🔥🔥       🔥🔥     🔥🔥 🔥🔥     🔥🔥       🔥🔥 🔥🔥
     🔥🔥       🔥🔥🔥🔥 🔥🔥     🔥🔥 🔥🔥🔥🔥🔥🔥🔥🔥 🔥🔥🔥🔥🔥🔥🔥🔥  🔥🔥     🔥🔥  🔥🔥🔥🔥🔥🔥  🔥🔥🔥🔥🔥🔥🔥🔥

You're about to initialize a Firebase project in this directory:

  /Users/geoffwebb/Desktop/NSS/class-website

[info] 
=== Project Setup
[info] 
[info] First, let's associate this project directory with a Firebase project.
[info] You can create multiple project aliases by running firebase use --add, 
[info] but for now we'll just set up a default project.
[info] 
[debug] [2017-12-20T01:55:16.026Z] > refreshing access token with scopes: ["email","https://www.googleapis.com/auth/cloudplatformprojects.readonly","https://www.googleapis.com/auth/firebase","openid"]
[debug] [2017-12-20T01:55:16.026Z] >>> HTTP REQUEST POST https://www.googleapis.com/oauth2/v3/token { refresh_token: '1/ipyw1I8RvCigfK5bvjh3bUlZNvnAjqIB7AkrYFefZEA',
  client_id: '563584335869-fgrhgmd47bqnekij5i8b5pr03ho849e6.apps.googleusercontent.com',
  client_secret: 'j9iVZfS8kkCEFUPaAeJV0sAi',
  grant_type: 'refresh_token',
  scope: 'email https://www.googleapis.com/auth/cloudplatformprojects.readonly https://www.googleapis.com/auth/firebase openid' } 
 Tue Dec 19 2017 19:55:16 GMT-0600 (CST)
[debug] [2017-12-20T01:55:16.191Z] <<< HTTP RESPONSE 200
[debug] [2017-12-20T01:55:16.198Z] >>> HTTP REQUEST GET https://admin.firebase.com/v1/projects  
 Tue Dec 19 2017 19:55:16 GMT-0600 (CST)
[debug] [2017-12-20T01:55:16.827Z] <<< HTTP RESPONSE 200
[info] 
=== Hosting Setup
[info] 
[info] Your public directory is the folder (relative to your project directory) that
[info] will contain Hosting assets to be uploaded with firebase deploy. If you
[info] have a build process for your assets, use your build's output directory.
[info] 
[info] ✔  Wrote yes/404.html
[debug] [2017-12-20T01:57:54.721Z] >>> HTTP REQUEST GET https://www.gstatic.com/firebasejs/releases.json  
 Tue Dec 19 2017 19:57:54 GMT-0600 (CST)
[debug] [2017-12-20T01:57:54.893Z] <<< HTTP RESPONSE 200
